<?xml version="1.0" encoding="UTF-8"?>
<!-- Generated by org.testng.reporters.JUnitXMLReporter -->
<testsuite ignored="0" hostname="DESKTOP-8FEGH89" failures="0" tests="5" name="Test Car test case" time="0.015" errors="0" timestamp="2022-06-07T21:12:55 BST">
  <testcase classname="testNG.Car" name="startthecar" time="0.001"/>
  <testcase classname="testNG.Car" name="putfirstgear" time="0.001"/>
  <testcase classname="testNG.Car" name="putsecondgear" time="0.002"/>
  <testcase classname="testNG.Car" name="putthirdgear" time="0.001"/>
  <testcase classname="testNG.Car" name="putfourthgear" time="0.001"/>
</testsuite> <!-- Test Car test case -->
