<?xml version="1.0" encoding="UTF-8"?>
<!-- Generated by org.testng.reporters.JUnitXMLReporter -->
<testsuite ignored="0" hostname="DESKTOP-8FEGH89" failures="0" tests="3" name="Test dependency test case" time="0.013" errors="0" timestamp="2022-06-07T21:12:55 BST">
  <testcase classname="testNG.Dependency" name="method1" time="0.001"/>
  <testcase classname="testNG.Dependency" name="method2" time="0.001"/>
  <testcase classname="testNG.Dependency" name="method3" time="0.001"/>
</testsuite> <!-- Test dependency test case -->
