<?xml version="1.0" encoding="UTF-8"?>
<!-- Generated by org.testng.reporters.JUnitXMLReporter -->
<testsuite ignored="2" hostname="DESKTOP-8FEGH89" failures="0" tests="2" name="Test" time="0.045" errors="0" timestamp="2022-06-13T11:03:27 BST">
  <testcase classname="testNG.Grouping" name="mango" time="0.008"/>
  <testcase classname="testNG.Grouping" name="orange" time="0.001"/>
  <testcase classname="testNG.Grouping" name="apple" time="0.0">
    <ignored/>
  </testcase> <!-- apple -->
  <testcase classname="testNG.Grouping" name="banana" time="0.0">
    <ignored/>
  </testcase> <!-- banana -->
</testsuite> <!-- Test -->
