<?xml version="1.0" encoding="UTF-8"?>
<testng-results ignored="0" total="4" passed="4" failed="0" skipped="0">
  <reporter-output>
  </reporter-output>
  <suite started-at="2022-06-16T18:03:47 BST" name="Default suite" finished-at="2022-06-16T18:04:05 BST" duration-ms="18488">
    <groups>
    </groups>
    <test started-at="2022-06-16T18:03:47 BST" name="Default test" finished-at="2022-06-16T18:04:05 BST" duration-ms="18488">
      <class name="testNG.DataDrivenexample">
        <test-method signature="login(java.lang.String,java.lang.String)[pri:0, instance:testNG.DataDrivenexample@140c9f39]" started-at="2022-06-16T18:03:48 BST" name="login" data-provider="logindata" finished-at="2022-06-16T18:03:53 BST" duration-ms="5735" status="PASS">
          <params>
            <param index="0">
              <value>
                <![CDATA[Admin]]>
              </value>
            </param>
            <param index="1">
              <value>
                <![CDATA[admin123]]>
              </value>
            </param>
          </params>
          <reporter-output>
          </reporter-output>
        </test-method> <!-- login -->
        <test-method signature="login(java.lang.String,java.lang.String)[pri:0, instance:testNG.DataDrivenexample@140c9f39]" started-at="2022-06-16T18:03:53 BST" name="login" data-provider="logindata" finished-at="2022-06-16T18:03:57 BST" duration-ms="4140" status="PASS">
          <params>
            <param index="0">
              <value>
                <![CDATA[Admin]]>
              </value>
            </param>
            <param index="1">
              <value>
                <![CDATA[asdf]]>
              </value>
            </param>
          </params>
          <reporter-output>
          </reporter-output>
        </test-method> <!-- login -->
        <test-method signature="login(java.lang.String,java.lang.String)[pri:0, instance:testNG.DataDrivenexample@140c9f39]" started-at="2022-06-16T18:03:57 BST" name="login" data-provider="logindata" finished-at="2022-06-16T18:04:01 BST" duration-ms="3844" status="PASS">
          <params>
            <param index="0">
              <value>
                <![CDATA[admin123]]>
              </value>
            </param>
            <param index="1">
              <value>
                <![CDATA[admin123]]>
              </value>
            </param>
          </params>
          <reporter-output>
          </reporter-output>
        </test-method> <!-- login -->
        <test-method signature="login(java.lang.String,java.lang.String)[pri:0, instance:testNG.DataDrivenexample@140c9f39]" started-at="2022-06-16T18:04:01 BST" name="login" data-provider="logindata" finished-at="2022-06-16T18:04:05 BST" duration-ms="4067" status="PASS">
          <params>
            <param index="0">
              <value>
                <![CDATA[asdf]]>
              </value>
            </param>
            <param index="1">
              <value>
                <![CDATA[asdf]]>
              </value>
            </param>
          </params>
          <reporter-output>
          </reporter-output>
        </test-method> <!-- login -->
      </class> <!-- testNG.DataDrivenexample -->
    </test> <!-- Default test -->
  </suite> <!-- Default suite -->
</testng-results>
