<?xml version="1.0" encoding="UTF-8"?>
<!-- Generated by org.testng.reporters.JUnitXMLReporter -->
<testsuite ignored="0" hostname="DESKTOP-8FEGH89" failures="0" tests="4" name="Default test" time="18.488" errors="0" timestamp="2022-06-16T18:04:05 BST">
  <testcase classname="testNG.DataDrivenexample" name="login" time="5.735"/>
  <testcase classname="testNG.DataDrivenexample" name="login" time="4.14"/>
  <testcase classname="testNG.DataDrivenexample" name="login" time="3.844"/>
  <testcase classname="testNG.DataDrivenexample" name="login" time="4.067"/>
</testsuite> <!-- Default test -->
